[caseid:ShowBatchExposureStatusTest.testSingleExposureBizId:7 steps]
[caseid:ReportExposureStatusTest.testNewPowerSourceRepNonExposure:7 steps]
[step1:用户A发微博S1]
[step2:设置根微博曝光率50&type=0]
[caseid:ReportExposureStatusTest.testNewPowerSourceRepNonExposure: 7 steps]
[step1:用户A发微博S1]
[step2:设置根微博曝光率50&type=0]
[step1:用户A发微博S1]
[step2:设置S1曝光量为1，用户B不在曝光列表里]
[step3:查看S1的频次曝光为1]
[step4:B查看S1(biz_id与设置一致&feed_control=1下)，返回空]
[step5:B查看S1(biz_id与设置一致&feed_control=0下, 频次控制不生效)，返回S1]
[step6:B查看S1(biz_id与设置不一致,feed_control=0, 频次控制不生效)，返回S1]
[step7:B查看S1(biz_id与设置不一致,feed_control=1, 频次控制不生效)，返回S1]
[caseid:ShowBatchExposureStatusTest.testBatchExposureBizId:8 steps]
[step3:主站source转发根微博]
[step4:查看转发微博曝光率，继承根微博曝光]
[step5:无线source转发根微博]
[step6:查看转发微博曝光率，继承根微博曝光]
[step7:查看转发微博曝光率，继承根微博曝光]
[step1:用户A发微博S1,S2]
[step2:设置S1,S2曝光量为1]
[step3:查看S1的频次曝光为1,B不在曝光列表中]
[step4:查看S2的频次曝光为1,B不在曝光列表中]
[step5:B查看S1,S2(biz_id与设置一致&feed_control=1下)，返回空]
[step6:B查看S1,S2(biz_id与设置一致&feed_control=0下, 频次控制不生效)，返回S1,S2]
[step7:B查看S1(biz_id与设置不一致,feed_control=0, 频次控制不生效)，返回S1,S2]
[step8:B查看S1(biz_id与设置不一致,feed_control=1, 频次控制不生效)，返回S1,S2]
[caseid: AccountUpdatePrivacyCommentTest.testAttentionByComment]
[step1:B设置只允许我关注的人评论]
[step2:微博用户A发布一条公开微博S]
[step3:B关注C]
[step4:B评论S为C1]
[step5:用户C回复评论C1]
[step6:校验 C能回复B的评论]
[step1.微博用户A发布一条公开微博S]
[step2.B评论微博S]
[step3.B评论微博S]
